{
  "stats": {
    "suites": 1,
    "tests": 5,
    "passes": 5,
    "pending": 0,
    "failures": 0,
    "start": "2022-03-30T16:19:56.822Z",
    "end": "2022-03-30T16:20:34.661Z",
    "duration": 37839,
    "testsRegistered": 5,
    "passPercent": 100,
    "pendingPercent": 0,
    "other": 0,
    "hasOther": false,
    "skipped": 0,
    "hasSkipped": false
  },
  "results": [
    {
      "uuid": "8a9dd443-dc2a-48c6-82a5-c1d0c2b02e4f",
      "title": "",
      "fullFile": "/Users/elham/Desktop/CS 453/CovidSurveyAndroid/app/src/test/js/tests/tests.js",
      "file": "/tests.js",
      "beforeHooks": [],
      "afterHooks": [],
      "tests": [],
      "suites": [
        {
          "uuid": "065e3a0a-b0b9-4b26-aa7a-167d2ceb37c3",
          "title": "Covid 19 Survey App Test Suite",
          "fullFile": "/Users/elham/Desktop/CS 453/CovidSurveyAndroid/app/src/test/js/tests/tests.js",
          "file": "/tests.js",
          "beforeHooks": [
            {
              "title": "\"before all\" hook in \"Covid 19 Survey App Test Suite\"",
              "fullTitle": "Covid 19 Survey App Test Suite \"before all\" hook in \"Covid 19 Survey App Test Suite\"",
              "timedOut": false,
              "duration": 6183,
              "state": null,
              "speed": null,
              "pass": false,
              "fail": false,
              "pending": false,
              "context": null,
              "code": "driver = wd.promiseChainRemote(config.options.server);\nawait driver.init(config.options.capabilities);",
              "err": {},
              "uuid": "0773e2b7-dcb4-461d-85b8-24741819ff99",
              "parentUUID": "065e3a0a-b0b9-4b26-aa7a-167d2ceb37c3",
              "isHook": true,
              "skipped": false
            }
          ],
          "afterHooks": [],
          "tests": [
            {
              "title": "Tests if the send button is activated when all inputs are populated.",
              "fullTitle": "Covid 19 Survey App Test Suite Tests if the send button is activated when all inputs are populated.",
              "timedOut": false,
              "duration": 1083,
              "state": "passed",
              "speed": "slow",
              "pass": true,
              "fail": false,
              "pending": false,
              "context": null,
              "code": "try {\n  await driver.elementById(\"com.example.covidsurvey:id/textInputEditNameSurname\").sendKeys(\"TEST USERNAME\");\n  // select date of birth\n  await driver\n    .elementByXPath(\n      `\n      /hierarchy/android.widget.FrameLayout/android.widget.LinearLayout/android.\n      widget.FrameLayout/android.view.ViewGroup/android.widget.FrameLayout[2]/\n      android.widget.ScrollView/android.view.ViewGroup/android.widget.LinearLayout[2]/\n      android.widget.FrameLayout/android.widget.LinearLayout[2]/android.widget.FrameLayout/\n      android.widget.ImageButton\n    `\n    )\n    .click();\n  await driver.waitForElementById(\"com.example.covidsurvey:id/confirm_button\");\n  await driver.elementById(\"com.example.covidsurvey:id/confirm_button\").click();\n  await driver.elementById(\"com.example.covidsurvey:id/autoCompleteTextViewCity\").sendKeys(\"Turkey: Ankara\");\n  // Gender\n  await driver.elementById(\"com.example.covidsurvey:id/autoCompleteTextViewGender\").sendKeys(\"Male\");\n  // Vac type\n  await driver.elementById(\"com.example.covidsurvey:id/autoCompleteTextViewVaccineType\").sendKeys(\"Biontech\");\n  // Side effects\n  await driver.elementById(\"com.example.covidsurvey:id/autoCompleteTextViewPositiveCase\").sendKeys(\"Yes\");\n  const touchAction = new wd.TouchAction(driver).longPress({ x: 0, y: 1000 }).moveTo({ x: 0, y: 10 }).release();\n  await touchAction.perform();\n  // Submit ubtton\n  const isEnabled = await driver.elementById(\"com.example.covidsurvey:id/sendButton\").isEnabled();\n  expect(isEnabled).to.equal(true);\n} catch (error) {\n  console.log(\"alksdfjs\");\n}",
              "err": {},
              "uuid": "81786e29-3def-4fe9-84a9-cb2ed3f5f623",
              "parentUUID": "065e3a0a-b0b9-4b26-aa7a-167d2ceb37c3",
              "isHook": false,
              "skipped": false
            },
            {
              "title": "Tests if the send button reacts to valid and invalid data (activates with valid and deactivates with invalid).",
              "fullTitle": "Covid 19 Survey App Test Suite Tests if the send button reacts to valid and invalid data (activates with valid and deactivates with invalid).",
              "timedOut": false,
              "duration": 17431,
              "state": "passed",
              "speed": "slow",
              "pass": true,
              "fail": false,
              "pending": false,
              "context": null,
              "code": "try {\n  let touchAction = new wd.TouchAction(driver).longPress({ x: 0, y: 259 }).moveTo({ x: 0, y: 1000 }).release();\n  await touchAction.perform();\n  await driver.elementById(\"com.example.covidsurvey:id/textInputEditNameSurname\").sendKeys(\"INVALID USERNAME 1234\");\n  // select date of birth\n  await driver\n    .elementByXPath(\n      \"/hierarchy/android.widget.FrameLayout/android.widget.LinearLayout/android.widget.FrameLayout/android.view.ViewGroup/android.widget.FrameLayout[2]/android.widget.ScrollView/android.view.ViewGroup/android.widget.LinearLayout[2]/android.widget.FrameLayout/android.widget.LinearLayout[2]/android.widget.FrameLayout/android.widget.ImageButton\"\n    )\n    .click();\n  await driver.waitForElementById(\"com.example.covidsurvey:id/confirm_button\");\n  await driver.elementById(\"com.example.covidsurvey:id/confirm_button\").click();\n  await driver.elementById(\"com.example.covidsurvey:id/autoCompleteTextViewCity\").sendKeys(\"Turkey: Istanbul\");\n  // Gender\n  await driver.elementById(\"com.example.covidsurvey:id/autoCompleteTextViewGender\").sendKeys(\"Female\");\n  // Vac type\n  await driver.elementById(\"com.example.covidsurvey:id/autoCompleteTextViewVaccineType\").sendKeys(\"Sinovac\");\n  // Side effects\n  await driver.elementById(\"com.example.covidsurvey:id/autoCompleteTextViewPositiveCase\").sendKeys(\"No\");\n  touchAction = new wd.TouchAction(driver).longPress({ x: 0, y: 1000 }).moveTo({ x: 0, y: 10 }).release();\n  await touchAction.perform();\n  // Submit ubtton\n  let submitBtn = await driver.elementById(\"com.example.covidsurvey:id/sendButton\");\n  const isEnabledWithInvalidData = submitBtn && (await submitBtn.isEnabled());\n  touchAction = new wd.TouchAction(driver).longPress({ x: 0, y: 259 }).moveTo({ x: 0, y: 1000 }).release();\n  await touchAction.perform();\n  await driver.elementById(\"com.example.covidsurvey:id/textInputEditNameSurname\").sendKeys(\"VALID USERNAME\");\n  touchAction = new wd.TouchAction(driver).longPress({ x: 0, y: 1000 }).moveTo({ x: 0, y: 10 }).release();\n  await touchAction.perform();\n  const isEnabledWithValidDataAfterChange = await driver.elementById(\"com.example.covidsurvey:id/sendButton\").isEnabled();\n  expect(isEnabledWithInvalidData).to.equal(false) && expect(isEnabledWithValidDataAfterChange).to.equal(true);\n} catch (error) {\n  console.log(error);\n}",
              "err": {},
              "uuid": "9b1ff77d-ec2c-488f-894b-40e4562bca89",
              "parentUUID": "065e3a0a-b0b9-4b26-aa7a-167d2ceb37c3",
              "isHook": false,
              "skipped": false
            },
            {
              "title": "Tests if the selected dates are valid.",
              "fullTitle": "Covid 19 Survey App Test Suite Tests if the selected dates are valid.",
              "timedOut": false,
              "duration": 5535,
              "state": "passed",
              "speed": "slow",
              "pass": true,
              "fail": false,
              "pending": false,
              "context": null,
              "code": "try {\n  let touchAction = new wd.TouchAction(driver).longPress({ x: 0, y: 259 }).moveTo({ x: 0, y: 1000 }).release();\n  await touchAction.perform();\n  await driver\n    .elementByXPath(\n      \"/hierarchy/android.widget.FrameLayout/android.widget.LinearLayout/android.widget.FrameLayout/android.view.ViewGroup/android.widget.FrameLayout[2]/android.widget.ScrollView/android.view.ViewGroup/android.widget.LinearLayout[2]/android.widget.FrameLayout/android.widget.LinearLayout[2]/android.widget.FrameLayout/android.widget.ImageButton\"\n    )\n    .click();\n  await driver.waitForElementById(\"com.example.covidsurvey:id/confirm_button\");\n  await driver.elementById(\"com.example.covidsurvey:id/confirm_button\").click();\n  const selectedDate = await driver.elementByXPath(\n    \"/hierarchy/android.widget.FrameLayout/android.widget.LinearLayout/android.widget.FrameLayout/android.view.ViewGroup/android.widget.FrameLayout[2]/android.widget.ScrollView/android.view.ViewGroup/android.widget.LinearLayout[2]/android.widget.FrameLayout/android.widget.LinearLayout[2]/android.widget.FrameLayout/android.widget.ImageButton\"\n  );\n  const validDate = \"00000000-0000-012b-ffff-ffff00000020\";\n  expect(selectedDate.value).to.not.equal(\"\");\n} catch (error) {\n  console.log(error);\n}",
              "err": {},
              "uuid": "ee594350-9a5b-4cfb-9ad7-d73750bffae3",
              "parentUUID": "065e3a0a-b0b9-4b26-aa7a-167d2ceb37c3",
              "isHook": false,
              "skipped": false
            },
            {
              "title": "Tests if the erorr message is shown if names are invlaid (containt numbers or special chars)",
              "fullTitle": "Covid 19 Survey App Test Suite Tests if the erorr message is shown if names are invlaid (containt numbers or special chars)",
              "timedOut": false,
              "duration": 3400,
              "state": "passed",
              "speed": "slow",
              "pass": true,
              "fail": false,
              "pending": false,
              "context": null,
              "code": "try {\n  let touchAction = new wd.TouchAction(driver).longPress({ x: 0, y: 259 }).moveTo({ x: 0, y: 1000 }).release();\n  await touchAction.perform();\n  // Populate the input with invalid name\n  await driver.elementById(\"com.example.covidsurvey:id/textInputEditNameSurname\").sendKeys(\"INVALID USERNAME 1234\");\n  // Get the error message for the input\n  const value = await driver.elementById(\"com.example.covidsurvey:id/textInputEditNameSurname\").printError().text();\n  expect(value).to.equal(\"INVALID USERNAME 1234\");\n} catch (error) {\n  console.log(error);\n}",
              "err": {},
              "uuid": "3275df7f-9a61-41b1-b167-74fef5cc2ac7",
              "parentUUID": "065e3a0a-b0b9-4b26-aa7a-167d2ceb37c3",
              "isHook": false,
              "skipped": false
            },
            {
              "title": "Tests if an item is properly selected on drop down menus.",
              "fullTitle": "Covid 19 Survey App Test Suite Tests if an item is properly selected on drop down menus.",
              "timedOut": false,
              "duration": 4201,
              "state": "passed",
              "speed": "slow",
              "pass": true,
              "fail": false,
              "pending": false,
              "context": null,
              "code": "try {\n  let touchAction = new wd.TouchAction(driver).longPress({ x: 0, y: 259 }).moveTo({ x: 0, y: 1000 }).release();\n  await touchAction.perform();\n  // Open the dropdown menu\n  await driver.elementById(\"com.example.covidsurvey:id/autoCompleteTextViewGender\").click();\n  // Select 'Male' option\n  await driver.elementById(\"com.example.covidsurvey:id/autoCompleteTextViewGender\").sendKeys(\"Male\");\n  const selectedOption = await driver.elementById(\"com.example.covidsurvey:id/autoCompleteTextViewGender\").text();\n  expect(selectedOption).to.equal(\"Male\");\n} catch (error) {\n  console.log(error);\n}",
              "err": {},
              "uuid": "263f6253-4456-446d-be4b-a41077e4a3d5",
              "parentUUID": "065e3a0a-b0b9-4b26-aa7a-167d2ceb37c3",
              "isHook": false,
              "skipped": false
            }
          ],
          "suites": [],
          "passes": [
            "81786e29-3def-4fe9-84a9-cb2ed3f5f623",
            "9b1ff77d-ec2c-488f-894b-40e4562bca89",
            "ee594350-9a5b-4cfb-9ad7-d73750bffae3",
            "3275df7f-9a61-41b1-b167-74fef5cc2ac7",
            "263f6253-4456-446d-be4b-a41077e4a3d5"
          ],
          "failures": [],
          "pending": [],
          "skipped": [],
          "duration": 31650,
          "root": false,
          "rootEmpty": false,
          "_timeout": 60000
        }
      ],
      "passes": [],
      "failures": [],
      "pending": [],
      "skipped": [],
      "duration": 0,
      "root": true,
      "rootEmpty": true,
      "_timeout": 60000
    }
  ],
  "meta": {
    "mocha": {
      "version": "9.2.2"
    },
    "mochawesome": {
      "options": {
        "quiet": false,
        "reportFilename": "mochawesome",
        "saveHtml": true,
        "saveJson": true,
        "consoleReporter": "spec",
        "useInlineDiffs": false,
        "code": true
      },
      "version": "7.1.3"
    },
    "marge": {
      "options": null,
      "version": "6.2.0"
    }
  }
}