{
  "stats": {
    "suites": 1,
    "tests": 2,
    "passes": 2,
    "pending": 0,
    "failures": 0,
    "start": "2022-03-29T14:00:51.284Z",
    "end": "2022-03-29T14:01:30.204Z",
    "duration": 38920,
    "testsRegistered": 2,
    "passPercent": 100,
    "pendingPercent": 0,
    "other": 0,
    "hasOther": false,
    "skipped": 0,
    "hasSkipped": false
  },
  "results": [
    {
      "uuid": "d6f73721-9923-4b06-a92d-ad28f8160184",
      "title": "",
      "fullFile": "/Users/elham/Desktop/CS 453/CovidSurveyAndroid/app/src/test/js/tests/tests.js",
      "file": "/tests.js",
      "beforeHooks": [],
      "afterHooks": [],
      "tests": [],
      "suites": [
        {
          "uuid": "b56ef02d-ff7b-45f0-9698-05bf802c5e19",
          "title": "Covid 19 Survey App Test Suite",
          "fullFile": "/Users/elham/Desktop/CS 453/CovidSurveyAndroid/app/src/test/js/tests/tests.js",
          "file": "/tests.js",
          "beforeHooks": [
            {
              "title": "\"before all\" hook in \"Covid 19 Survey App Test Suite\"",
              "fullTitle": "Covid 19 Survey App Test Suite \"before all\" hook in \"Covid 19 Survey App Test Suite\"",
              "timedOut": false,
              "duration": 6409,
              "state": null,
              "speed": null,
              "pass": false,
              "fail": false,
              "pending": false,
              "context": null,
              "code": "driver = wd.promiseChainRemote(config.options.server);\nawait driver.init(config.options.capabilities);",
              "err": {},
              "uuid": "3dab261c-95c7-4545-906d-6df965716c14",
              "parentUUID": "b56ef02d-ff7b-45f0-9698-05bf802c5e19",
              "isHook": true,
              "skipped": false
            }
          ],
          "afterHooks": [],
          "tests": [
            {
              "title": "The send button is activated when all inputs are populated.",
              "fullTitle": "Covid 19 Survey App Test Suite The send button is activated when all inputs are populated.",
              "timedOut": false,
              "duration": 11227,
              "state": "passed",
              "speed": "slow",
              "pass": true,
              "fail": false,
              "pending": false,
              "context": null,
              "code": "try {\n  await driver.elementById(\"com.example.covidsurvey:id/textInputEditNameSurname\").sendKeys(\"TEST USERNAME\");\n  // select date of birth\n  await driver\n    .elementByXPath(\n      \"/hierarchy/android.widget.FrameLayout/android.widget.LinearLayout/android.widget.FrameLayout/android.view.ViewGroup/android.widget.FrameLayout[2]/android.widget.ScrollView/android.view.ViewGroup/android.widget.LinearLayout[2]/android.widget.FrameLayout/android.widget.LinearLayout[2]/android.widget.FrameLayout/android.widget.ImageButton\"\n    )\n    .click();\n  await driver.waitForElementById(\"com.example.covidsurvey:id/confirm_button\");\n  await driver.elementById(\"com.example.covidsurvey:id/confirm_button\").click();\n  await driver.elementById(\"com.example.covidsurvey:id/autoCompleteTextViewCity\").sendKeys(\"Turkey: Ankara\");\n  // Gender\n  await driver.elementById(\"com.example.covidsurvey:id/autoCompleteTextViewGender\").sendKeys(\"Male\");\n  // Vac type\n  await driver.elementById(\"com.example.covidsurvey:id/autoCompleteTextViewVaccineType\").sendKeys(\"Biontech\");\n  // Side effects\n  await driver.elementById(\"com.example.covidsurvey:id/autoCompleteTextViewPositiveCase\").sendKeys(\"Yes\");\n  const touchAction = new wd.TouchAction(driver).longPress({ x: 0, y: 1000 }).moveTo({ x: 0, y: 10 }).release();\n  await touchAction.perform();\n  // Submit ubtton\n  const isEnabled = await driver.elementById(\"com.example.covidsurvey:id/sendButton\").isEnabled();\n  expect(isEnabled).to.equal(true);\n} catch (error) {\n  console.log(\"alksdfjs\");\n}",
              "err": {},
              "uuid": "3e307657-082c-43ae-8591-06ae95f24e77",
              "parentUUID": "b56ef02d-ff7b-45f0-9698-05bf802c5e19",
              "isHook": false,
              "skipped": false
            },
            {
              "title": "The send button reacts to valid and invalid data (activates with valid and deactivates with invalid).",
              "fullTitle": "Covid 19 Survey App Test Suite The send button reacts to valid and invalid data (activates with valid and deactivates with invalid).",
              "timedOut": false,
              "duration": 21277,
              "state": "passed",
              "speed": "slow",
              "pass": true,
              "fail": false,
              "pending": false,
              "context": null,
              "code": "try {\n  let touchAction = new wd.TouchAction(driver).longPress({ x: 0, y: 259 }).moveTo({ x: 0, y: 1000 }).release();\n  await touchAction.perform();\n  await driver.elementById(\"com.example.covidsurvey:id/textInputEditNameSurname\").sendKeys(\"INVALID USERNAME 1234\");\n  // select date of birth\n  await driver\n    .elementByXPath(\n      \"/hierarchy/android.widget.FrameLayout/android.widget.LinearLayout/android.widget.FrameLayout/android.view.ViewGroup/android.widget.FrameLayout[2]/android.widget.ScrollView/android.view.ViewGroup/android.widget.LinearLayout[2]/android.widget.FrameLayout/android.widget.LinearLayout[2]/android.widget.FrameLayout/android.widget.ImageButton\"\n    )\n    .click();\n  await driver.waitForElementById(\"com.example.covidsurvey:id/confirm_button\");\n  await driver.elementById(\"com.example.covidsurvey:id/confirm_button\").click();\n  await driver.elementById(\"com.example.covidsurvey:id/autoCompleteTextViewCity\").sendKeys(\"Turkey: Istanbul\");\n  // Gender\n  await driver.elementById(\"com.example.covidsurvey:id/autoCompleteTextViewGender\").sendKeys(\"Female\");\n  // Vac type\n  await driver.elementById(\"com.example.covidsurvey:id/autoCompleteTextViewVaccineType\").sendKeys(\"Sinovac\");\n  // Side effects\n  await driver.elementById(\"com.example.covidsurvey:id/autoCompleteTextViewPositiveCase\").sendKeys(\"No\");\n  touchAction = new wd.TouchAction(driver).longPress({ x: 0, y: 1000 }).moveTo({ x: 0, y: 10 }).release();\n  await touchAction.perform();\n  // Submit ubtton\n  let submitBtn = await driver.elementById(\"com.example.covidsurvey:id/sendButton\");\n  const isEnabledWithInvalidData = submitBtn && (await submitBtn.isEnabled());\n  touchAction = new wd.TouchAction(driver).longPress({ x: 0, y: 259 }).moveTo({ x: 0, y: 1000 }).release();\n  await touchAction.perform();\n  await driver.elementById(\"com.example.covidsurvey:id/textInputEditNameSurname\").sendKeys(\"VALID USERNAME\");\n  touchAction = new wd.TouchAction(driver).longPress({ x: 0, y: 1000 }).moveTo({ x: 0, y: 10 }).release();\n  await touchAction.perform();\n  const isEnabledWithValidDataAfterChange = await driver.elementById(\"com.example.covidsurvey:id/sendButton\").isEnabled();\n  expect(isEnabledWithInvalidData).to.equal(false) && expect(isEnabledWithValidDataAfterChange).to.equal(true);\n} catch (error) {\n  console.log(error);\n}",
              "err": {},
              "uuid": "4c1a2635-8f79-473d-bf01-98f14041cf15",
              "parentUUID": "b56ef02d-ff7b-45f0-9698-05bf802c5e19",
              "isHook": false,
              "skipped": false
            }
          ],
          "suites": [],
          "passes": [
            "3e307657-082c-43ae-8591-06ae95f24e77",
            "4c1a2635-8f79-473d-bf01-98f14041cf15"
          ],
          "failures": [],
          "pending": [],
          "skipped": [],
          "duration": 32504,
          "root": false,
          "rootEmpty": false,
          "_timeout": 60000
        }
      ],
      "passes": [],
      "failures": [],
      "pending": [],
      "skipped": [],
      "duration": 0,
      "root": true,
      "rootEmpty": true,
      "_timeout": 60000
    }
  ],
  "meta": {
    "mocha": {
      "version": "9.2.2"
    },
    "mochawesome": {
      "options": {
        "quiet": false,
        "reportFilename": "mochawesome",
        "saveHtml": true,
        "saveJson": true,
        "consoleReporter": "spec",
        "useInlineDiffs": false,
        "code": true
      },
      "version": "7.1.3"
    },
    "marge": {
      "options": null,
      "version": "6.2.0"
    }
  }
}