{
  "stats": {
    "suites": 1,
    "tests": 1,
    "passes": 1,
    "pending": 0,
    "failures": 0,
    "start": "2022-03-27T12:03:33.123Z",
    "end": "2022-03-27T12:03:42.658Z",
    "duration": 9535,
    "testsRegistered": 1,
    "passPercent": 100,
    "pendingPercent": 0,
    "other": 0,
    "hasOther": false,
    "skipped": 0,
    "hasSkipped": false
  },
  "results": [
    {
      "uuid": "d3fdbb64-325c-4183-98c3-8ad1f668fe21",
      "title": "",
      "fullFile": "/Users/elham/Desktop/CS 453/CovidSurveyAndroid/app/src/test/js/tests/tests.js",
      "file": "/tests.js",
      "beforeHooks": [],
      "afterHooks": [],
      "tests": [],
      "suites": [
        {
          "uuid": "1ae07ac3-ea32-4f4a-b2a7-80c32b5d3c99",
          "title": "Covid 19 Survey App Test Suite",
          "fullFile": "/Users/elham/Desktop/CS 453/CovidSurveyAndroid/app/src/test/js/tests/tests.js",
          "file": "/tests.js",
          "beforeHooks": [
            {
              "title": "\"before each\" hook in \"Covid 19 Survey App Test Suite\"",
              "fullTitle": "Covid 19 Survey App Test Suite \"before each\" hook in \"Covid 19 Survey App Test Suite\"",
              "timedOut": false,
              "duration": 6786,
              "state": null,
              "speed": null,
              "pass": false,
              "fail": false,
              "pending": false,
              "context": null,
              "code": "driver = wd.promiseChainRemote(config.options.server);\nawait driver.init(config.options.capabilities);",
              "err": {},
              "uuid": "26c996d8-6d42-4c5e-8122-baba3dce2459",
              "parentUUID": "1ae07ac3-ea32-4f4a-b2a7-80c32b5d3c99",
              "isHook": true,
              "skipped": false
            }
          ],
          "afterHooks": [
            {
              "title": "\"after each\" hook in \"Covid 19 Survey App Test Suite\"",
              "fullTitle": "Covid 19 Survey App Test Suite \"after each\" hook in \"Covid 19 Survey App Test Suite\"",
              "timedOut": false,
              "duration": 172,
              "state": null,
              "speed": null,
              "pass": false,
              "fail": false,
              "pending": false,
              "context": null,
              "code": "await driver.quit();",
              "err": {},
              "uuid": "5e5dad4d-baa0-43c7-beab-e87c11e6a392",
              "parentUUID": "1ae07ac3-ea32-4f4a-b2a7-80c32b5d3c99",
              "isHook": true,
              "skipped": false
            }
          ],
          "tests": [
            {
              "title": "Verifies if the user can login with registered email and password.",
              "fullTitle": "Covid 19 Survey App Test Suite Verifies if the user can login with registered email and password.",
              "timedOut": false,
              "duration": 2572,
              "state": "passed",
              "speed": "slow",
              "pass": true,
              "fail": false,
              "pending": false,
              "context": null,
              "code": "await driver.elementById(\"com.example.covidsurvey:id/textInputEditNameSurname\").click();\nexpect(1).to.equal(1);",
              "err": {},
              "uuid": "cc6256b6-61ec-41ea-b03e-33d97abd660e",
              "parentUUID": "1ae07ac3-ea32-4f4a-b2a7-80c32b5d3c99",
              "isHook": false,
              "skipped": false
            }
          ],
          "suites": [],
          "passes": [
            "cc6256b6-61ec-41ea-b03e-33d97abd660e"
          ],
          "failures": [],
          "pending": [],
          "skipped": [],
          "duration": 2572,
          "root": false,
          "rootEmpty": false,
          "_timeout": 10000
        }
      ],
      "passes": [],
      "failures": [],
      "pending": [],
      "skipped": [],
      "duration": 0,
      "root": true,
      "rootEmpty": true,
      "_timeout": 10000
    }
  ],
  "meta": {
    "mocha": {
      "version": "9.2.2"
    },
    "mochawesome": {
      "options": {
        "quiet": false,
        "reportFilename": "mochawesome",
        "saveHtml": true,
        "saveJson": true,
        "consoleReporter": "spec",
        "useInlineDiffs": false,
        "code": true
      },
      "version": "7.1.3"
    },
    "marge": {
      "options": null,
      "version": "6.2.0"
    }
  }
}